<?xml version="1.0" encoding="UTF-8"?>
<!-- Generated by org.testng.reporters.JUnitReportReporter -->
<testsuite hostname="Jp-PC" failures="0" tests="1" name="TestCases.AssertKeyword" time="17.770" errors="0" timestamp="2023-01-07T00:54:39 IST" skipped="0">
  <testcase classname="TestCases.AssertKeyword" name="verifyTitleTest" time="17.770"/>
  <system-out>
    <![CDATA[Title of web application = Swag Labs]]>
  </system-out>
</testsuite> <!-- TestCases.AssertKeyword -->
