<?xml version="1.0" encoding="UTF-8"?>
<!-- Generated by org.testng.reporters.JUnitReportReporter -->
<testsuite hostname="Jp-PC" failures="0" tests="1" name="TestCases.GroupTest" time="20.074" errors="0" timestamp="2023-01-06T18:22:36 IST" skipped="0">
  <testcase classname="TestCases.GroupTest" name="Test4" time="20.074"/>
  <system-out>
    <![CDATA[Title of web application = Swag Labs]]>
  </system-out>
</testsuite> <!-- TestCases.GroupTest -->
