<?xml version="1.0" encoding="UTF-8"?>
<!-- Generated by org.testng.reporters.JUnitReportReporter -->
<testsuite hostname="Jp-PC" failures="0" tests="4" name="TestCases.PriorityTest" time="47.754" errors="0" timestamp="2023-01-06T17:30:02 IST" skipped="0">
  <testcase classname="TestCases.PriorityTest" name="verifyTitleTest2" time="11.615"/>
  <system-out>
    <![CDATA[Title of web application = Swag Labs]]>
  </system-out>
  <testcase classname="TestCases.PriorityTest" name="verifyTitleTest4" time="9.508"/>
  <system-out>
    <![CDATA[Title of web application = Swag Labs]]>
  </system-out>
  <testcase classname="TestCases.PriorityTest" name="verifyTitleTest1" time="9.610"/>
  <system-out>
    <![CDATA[Title of web application = Swag Labs]]>
  </system-out>
  <testcase classname="TestCases.PriorityTest" name="verifyTitleTest3" time="17.021"/>
  <system-out>
    <![CDATA[Title of web application = Swag Labs]]>
  </system-out>
</testsuite> <!-- TestCases.PriorityTest -->
